#
# A fatal error has been detected by the Java Runtime Environment:
#
#  EXCEPTION_ACCESS_VIOLATION (0xc0000005) at pc=0x0000000070dc4627, pid=3664, tid=0x0000000000000e7c
#
# JRE version: OpenJDK Runtime Environment (8.0_152-b01) (build 1.8.0_152-release-915-b01)
# Java VM: OpenJDK 64-Bit Server VM (25.152-b01 mixed mode windows-amd64 compressed oops)
# Problematic frame:
# V  [jvm.dll+0x24627]
#
# Failed to write core dump. Minidumps are not enabled by default on client versions of Windows
#
# If you would like to submit a bug report, please visit:
#   http://bugreport.java.com/bugreport/crash.jsp
#

---------------  T H R E A D  ---------------

Current thread (0x0000000056037000):  JavaThread "C2 CompilerThread0" daemon [_thread_in_vm, id=3708, stack(0x0000000057280000,0x0000000057380000)]

siginfo: ExceptionCode=0xc0000005, reading address 0x000000032b129ed0

Registers:
RAX=0x000000005737d520, RBX=0x00000000587ec850, RCX=0x000000007153f5d0, RDX=0x0000000000000001
RSP=0x000000005737d398, RBP=0x000000005737f1b0, RSI=0x0000000000000000, RDI=0x000000005737f1b8
R8 =0x000000005737d400, R9 =0x000000005fffb750, R10=0x0000000058be9400, R11=0x00000000587e63b0
R12=0x00000000587ec830, R13=0x0000000056037000, R14=0x0000000000000000, R15=0x0000000000000000
RIP=0x0000000070dc4627, EFLAGS=0x0000000000010216

Top of Stack: (sp=0x000000005737d398)
0x000000005737d398:   0000000070dc1017 00000000587ec850
0x000000005737d3a8:   0000000000000000 0000000015afdb60
0x000000005737d3b8:   00000000587ec701 0000000056037000
0x000000005737d3c8:   0000000000000000 0000000055fcb0f0
0x000000005737d3d8:   00000000000083b0 000000005fffb750
0x000000005737d3e8:   000000005ffff878 0000000058be9400
0x000000005737d3f8:   000000000204b140 0000000058be9400
0x000000005737d408:   0000000100000001 000000005737d520
0x000000005737d418:   000000005fffb750 000000005737d520
0x000000005737d428:   000000005bf00028 00000000587ec830
0x000000005737d438:   0000000056037000 0000000055fc9540
0x000000005737d448:   00000000587ec750 0000000000000000
0x000000005737d458:   000000005737d500 000000005bf00028
0x000000005737d468:   0000000070db5838 0000000056037000
0x000000005737d478:   000000005737f1b0 000000005737d490
0x000000005737d488:   000000005fff7890 000000005bf00028 

Instructions: (pc=0x0000000070dc4627)
0x0000000070dc4607:   00 00 cc cc cc cc cc cc cc 83 f9 0c 75 08 48 8b
0x0000000070dc4617:   05 0c 87 77 00 c3 48 63 c1 48 8d 0d a9 af 77 00
0x0000000070dc4627:   48 8b 04 c1 c3 cc cc cc cc 44 8b 41 20 48 8b c2
0x0000000070dc4637:   48 8d 15 fa 69 58 00 48 8b c8 e9 3a c9 22 00 cc 


Register to memory mapping:

RAX=0x000000005737d520 is pointing into the stack for thread: 0x0000000056037000
RBX=
[error occurred during error reporting (printing register info), id 0xc0000005]

Stack: [0x0000000057280000,0x0000000057380000],  sp=0x000000005737d398,  free space=1012k
Native frames: (J=compiled Java code, j=interpreted, Vv=VM code, C=native code)
V  [jvm.dll+0x24627]


Current CompileTask:
C2:9041622 24833       4       org.gradle.api.internal.project.taskfactory.DefaultTaskClassValidatorExtractor$2::visitType (236 bytes)


---------------  P R O C E S S  ---------------

Java Threads: ( => current thread )
  0x000000005a3aa000 JavaThread "Cache worker for file content cache (D:\Github\ShopFinderLatest1\.gradle\4.1\fileContent)" [_thread_blocked, id=3268, stack(0x0000000060e20000,0x0000000060f20000)]
  0x000000005a3ad800 JavaThread "build operations Thread 2" [_thread_blocked, id=2628, stack(0x000000005b7d0000,0x000000005b8d0000)]
  0x000000005a3b3800 JavaThread "build operations" [_thread_blocked, id=3776, stack(0x000000005e380000,0x000000005e480000)]
  0x000000005a3b6000 JavaThread "Cache worker for Artifact transforms cache (C:\Users\PC-1\.gradle\caches\transforms-1)" [_thread_blocked, id=112, stack(0x000000005f3c0000,0x000000005f4c0000)]
  0x000000005a3b0000 JavaThread "Cache worker for file hash cache (D:\Github\ShopFinderLatest1\.gradle\4.1\fileHashes)" [_thread_blocked, id=3260, stack(0x000000005d800000,0x000000005d900000)]
  0x000000005a3b7800 JavaThread "Stdin handler" [_thread_blocked, id=2096, stack(0x0000000059990000,0x0000000059a90000)]
  0x000000005a3ab800 JavaThread "Asynchronous log dispatcher for DefaultDaemonConnection: socket connection from /127.0.0.1:51551 to /127.0.0.1:53352" [_thread_blocked, id=1764, stack(0x000000005a170000,0x000000005a270000)]
  0x000000005a3b2000 JavaThread "Daemon worker Thread 8" [_thread_blocked, id=1500, stack(0x000000005b2e0000,0x000000005b3e0000)]
  0x000000005a3af000 JavaThread "Cancel handler" [_thread_blocked, id=1652, stack(0x0000000059f40000,0x000000005a040000)]
  0x000000005a3b6800 JavaThread "Handler for socket connection from /127.0.0.1:51551 to /127.0.0.1:53352" [_thread_in_native, id=1432, stack(0x0000000059d60000,0x0000000059e60000)]
  0x000000005a3ad000 JavaThread "Daemon Thread 8" [_thread_blocked, id=3516, stack(0x0000000059850000,0x0000000059950000)]
  0x000000005a3ac000 JavaThread "Memory manager" [_thread_blocked, id=384, stack(0x000000005e4a0000,0x000000005e5a0000)]
  0x0000000057bdf000 JavaThread "File lock request listener" [_thread_in_native, id=3632, stack(0x000000005b490000,0x000000005b590000)]
  0x0000000057735800 JavaThread "Cache worker for file hash cache (C:\Users\PC-1\.gradle\caches\4.1\fileHashes)" [_thread_blocked, id=3128, stack(0x000000005a070000,0x000000005a170000)]
  0x0000000058624000 JavaThread "Daemon periodic checks" [_thread_blocked, id=1608, stack(0x00000000596c0000,0x00000000597c0000)]
  0x0000000058619000 JavaThread "Incoming local TCP Connector on port 51551" [_thread_in_native, id=2492, stack(0x00000000593b0000,0x00000000594b0000)]
  0x0000000056048800 JavaThread "Service Thread" daemon [_thread_blocked, id=912, stack(0x0000000056dc0000,0x0000000056ec0000)]
  0x000000005603b800 JavaThread "C1 CompilerThread1" daemon [_thread_blocked, id=3176, stack(0x00000000574a0000,0x00000000575a0000)]
=>0x0000000056037000 JavaThread "C2 CompilerThread0" daemon [_thread_in_vm, id=3708, stack(0x0000000057280000,0x0000000057380000)]
  0x0000000056035800 JavaThread "Attach Listener" daemon [_thread_blocked, id=3668, stack(0x0000000057100000,0x0000000057200000)]
  0x0000000056034800 JavaThread "Signal Dispatcher" daemon [_thread_blocked, id=3240, stack(0x0000000056f00000,0x0000000057000000)]
  0x000000005601c800 JavaThread "Finalizer" daemon [_thread_blocked, id=3672, stack(0x0000000056ba0000,0x0000000056ca0000)]
  0x0000000055fd3800 JavaThread "Reference Handler" daemon [_thread_blocked, id=3812, stack(0x0000000056950000,0x0000000056a50000)]
  0x000000000218e000 JavaThread "main" [_thread_blocked, id=3496, stack(0x0000000002300000,0x0000000002400000)]

Other Threads:
  0x0000000055fcb800 VMThread [stack: 0x0000000056aa0000,0x0000000056ba0000] [id=3560]
  0x000000005604a000 WatcherThread [stack: 0x0000000057000000,0x0000000057100000] [id=3456]

VM state:synchronizing (normal execution)

VM Mutex/Monitor currently owned by a thread:  ([mutex/lock_event])
[0x000000000218c6f0] Threads_lock - owner thread: 0x0000000055fcb800

Heap:
 PSYoungGen      total 425472K, used 29181K [0x00000000e0000000, 0x00000000feb00000, 0x0000000100000000)
  eden space 399360K, 0% used [0x00000000e0000000,0x00000000e03357d8,0x00000000f8600000)
  from space 26112K, 99% used [0x00000000fd180000,0x00000000feac9cf0,0x00000000feb00000)
  to   space 45568K, 0% used [0x00000000f9200000,0x00000000f9200000,0x00000000fbe80000)
 ParOldGen       total 116224K, used 88378K [0x00000000a0000000, 0x00000000a7180000, 0x00000000e0000000)
  object space 116224K, 76% used [0x00000000a0000000,0x00000000a564e8a0,0x00000000a7180000)
 Metaspace       used 82963K, capacity 88080K, committed 88280K, reserved 1126400K
  class space    used 10131K, capacity 11255K, committed 11264K, reserved 1048576K

Card table byte_map: [0x0000000011a90000,0x0000000011da0000] byte_map_base: 0x0000000011590000

Marking Bits: (ParMarkBitMap*) 0x0000000071563950
 Begin Bits: [0x00000000123a0000, 0x0000000013ba0000)
 End Bits:   [0x0000000013ba0000, 0x00000000153a0000)

Polling page: 0x00000000001d0000

CodeCache: size=245760Kb used=66116Kb max_used=66196Kb free=179643Kb
 bounds [0x00000000026d0000, 0x0000000006800000, 0x00000000116d0000]
 total_blobs=19401 nmethods=18533 adapters=781
 compilation: enabled

Compilation events (10 events):
Event: 9037.592 Thread 0x000000005603b800 24838       3       android.databinding.tool.util.Preconditions::checkNotNull (10 bytes)
Event: 9037.651 Thread 0x000000005603b800 nmethod 24838 0x0000000003a6b190 code [0x0000000003a6b300, 0x0000000003a6b4a8]
Event: 9037.656 Thread 0x000000005603b800 24839       3       com.google.common.collect.Iterables$13::apply (9 bytes)
Event: 9037.657 Thread 0x000000005603b800 nmethod 24839 0x00000000041b2f10 code [0x00000000041b3080, 0x00000000041b3468]
Event: 9037.671 Thread 0x000000005603b800 24842       3       org.gradle.api.internal.artifacts.dependencies.DefaultSelfResolvingDependency_Decorated::getGroup (37 bytes)
Event: 9037.672 Thread 0x000000005603b800 nmethod 24842 0x000000000530ed10 code [0x000000000530eee0, 0x000000000530f688]
Event: 9038.000 Thread 0x000000005603b800 24843       3       com.android.build.gradle.internal.tasks.TaskInputHelper::memoize (10 bytes)
Event: 9038.002 Thread 0x000000005603b800 nmethod 24843 0x000000000414f710 code [0x000000000414f880, 0x000000000414fb30]
Event: 9038.046 Thread 0x000000005603b800 24844       1       com.android.build.gradle.internal.scope.VariantScopeImpl::getSourceGenTask (5 bytes)
Event: 9038.047 Thread 0x000000005603b800 nmethod 24844 0x0000000003c3e910 code [0x0000000003c3ea60, 0x0000000003c3eb70]

GC Heap History (10 events):
Event: 5496.918 GC heap before
{Heap before GC invocations=38 (full 4):
 PSYoungGen      total 401920K, used 386293K [0x00000000e0000000, 0x00000000fd600000, 0x0000000100000000)
  eden space 354304K, 100% used [0x00000000e0000000,0x00000000f5a00000,0x00000000f5a00000)
  from space 47616K, 67% used [0x00000000f5a00000,0x00000000f793d798,0x00000000f8880000)
  to   space 48128K, 0% used [0x00000000fa700000,0x00000000fa700000,0x00000000fd600000)
 ParOldGen       total 116224K, used 88114K [0x00000000a0000000, 0x00000000a7180000, 0x00000000e0000000)
  object space 116224K, 75% used [0x00000000a0000000,0x00000000a560cad8,0x00000000a7180000)
 Metaspace       used 81936K, capacity 86212K, committed 86488K, reserved 1124352K
  class space    used 9998K, capacity 10953K, committed 11008K, reserved 1048576K
Event: 5497.550 GC heap after
Heap after GC invocations=38 (full 4):
 PSYoungGen      total 431616K, used 34709K [0x00000000e0000000, 0x00000000fe300000, 0x0000000100000000)
  eden space 383488K, 0% used [0x00000000e0000000,0x00000000e0000000,0x00000000f7680000)
  from space 48128K, 72% used [0x00000000fa700000,0x00000000fc8e57d0,0x00000000fd600000)
  to   space 49664K, 0% used [0x00000000f7680000,0x00000000f7680000,0x00000000fa700000)
 ParOldGen       total 116224K, used 88122K [0x00000000a0000000, 0x00000000a7180000, 0x00000000e0000000)
  object space 116224K, 75% used [0x00000000a0000000,0x00000000a560ead8,0x00000000a7180000)
 Metaspace       used 81936K, capacity 86212K, committed 86488K, reserved 1124352K
  class space    used 9998K, capacity 10953K, committed 11008K, reserved 1048576K
}
Event: 5547.265 GC heap before
{Heap before GC invocations=39 (full 4):
 PSYoungGen      total 431616K, used 418197K [0x00000000e0000000, 0x00000000fe300000, 0x0000000100000000)
  eden space 383488K, 100% used [0x00000000e0000000,0x00000000f7680000,0x00000000f7680000)
  from space 48128K, 72% used [0x00000000fa700000,0x00000000fc8e57d0,0x00000000fd600000)
  to   space 49664K, 0% used [0x00000000f7680000,0x00000000f7680000,0x00000000fa700000)
 ParOldGen       total 116224K, used 88122K [0x00000000a0000000, 0x00000000a7180000, 0x00000000e0000000)
  object space 116224K, 75% used [0x00000000a0000000,0x00000000a560ead8,0x00000000a7180000)
 Metaspace       used 82143K, capacity 86514K, committed 86872K, reserved 1124352K
  class space    used 10018K, capacity 11010K, committed 11136K, reserved 1048576K
Event: 5547.630 GC heap after
Heap after GC invocations=39 (full 4):
 PSYoungGen      total 433152K, used 22215K [0x00000000e0000000, 0x00000000ffc00000, 0x0000000100000000)
  eden space 383488K, 0% used [0x00000000e0000000,0x00000000e0000000,0x00000000f7680000)
  from space 49664K, 44% used [0x00000000f7680000,0x00000000f8c31c98,0x00000000fa700000)
  to   space 48128K, 0% used [0x00000000fcd00000,0x00000000fcd00000,0x00000000ffc00000)
 ParOldGen       total 116224K, used 88122K [0x00000000a0000000, 0x00000000a7180000, 0x00000000e0000000)
  object space 116224K, 75% used [0x00000000a0000000,0x00000000a560ead8,0x00000000a7180000)
 Metaspace       used 82143K, capacity 86514K, committed 86872K, reserved 1124352K
  class space    used 10018K, capacity 11010K, committed 11136K, reserved 1048576K
}
Event: 5664.501 GC heap before
{Heap before GC invocations=40 (full 4):
 PSYoungGen      total 433152K, used 405703K [0x00000000e0000000, 0x00000000ffc00000, 0x0000000100000000)
  eden space 383488K, 100% used [0x00000000e0000000,0x00000000f7680000,0x00000000f7680000)
  from space 49664K, 44% used [0x00000000f7680000,0x00000000f8c31c98,0x00000000fa700000)
  to   space 48128K, 0% used [0x00000000fcd00000,0x00000000fcd00000,0x00000000ffc00000)
 ParOldGen       total 116224K, used 88122K [0x00000000a0000000, 0x00000000a7180000, 0x00000000e0000000)
  object space 116224K, 75% used [0x00000000a0000000,0x00000000a560ead8,0x00000000a7180000)
 Metaspace       used 82601K, capacity 87542K, committed 87768K, reserved 1126400K
  class space    used 10099K, capacity 11160K, committed 11264K, reserved 1048576K
Event: 5664.875 GC heap after
Heap after GC invocations=40 (full 4):
 PSYoungGen      total 463872K, used 34639K [0x00000000e0000000, 0x00000000ff900000, 0x0000000100000000)
  eden space 418816K, 0% used [0x00000000e0000000,0x00000000e0000000,0x00000000f9900000)
  from space 45056K, 76% used [0x00000000fcd00000,0x00000000feed3d88,0x00000000ff900000)
  to   space 49152K, 0% used [0x00000000f9900000,0x00000000f9900000,0x00000000fc900000)
 ParOldGen       total 116224K, used 88122K [0x00000000a0000000, 0x00000000a7180000, 0x00000000e0000000)
  object space 116224K, 75% used [0x00000000a0000000,0x00000000a560ead8,0x00000000a7180000)
 Metaspace       used 82601K, capacity 87542K, committed 87768K, reserved 1126400K
  class space    used 10099K, capacity 11160K, committed 11264K, reserved 1048576K
}
Event: 5906.067 GC heap before
{Heap before GC invocations=41 (full 4):
 PSYoungGen      total 463872K, used 453455K [0x00000000e0000000, 0x00000000ff900000, 0x0000000100000000)
  eden space 418816K, 100% used [0x00000000e0000000,0x00000000f9900000,0x00000000f9900000)
  from space 45056K, 76% used [0x00000000fcd00000,0x00000000feed3d88,0x00000000ff900000)
  to   space 49152K, 0% used [0x00000000f9900000,0x00000000f9900000,0x00000000fc900000)
 ParOldGen       total 116224K, used 88122K [0x00000000a0000000, 0x00000000a7180000, 0x00000000e0000000)
  object space 116224K, 75% used [0x00000000a0000000,0x00000000a560ead8,0x00000000a7180000)
 Metaspace       used 82750K, capacity 87772K, committed 88024K, reserved 1126400K
  class space    used 10113K, capacity 11205K, committed 11264K, reserved 1048576K
Event: 5906.389 GC heap after
Heap after GC invocations=41 (full 4):
 PSYoungGen      total 467968K, used 28908K [0x00000000e0000000, 0x0000000100000000, 0x0000000100000000)
  eden space 418816K, 0% used [0x00000000e0000000,0x00000000e0000000,0x00000000f9900000)
  from space 49152K, 58% used [0x00000000f9900000,0x00000000fb53b060,0x00000000fc900000)
  to   space 47616K, 0% used [0x00000000fd180000,0x00000000fd180000,0x0000000100000000)
 ParOldGen       total 116224K, used 88154K [0x00000000a0000000, 0x00000000a7180000, 0x00000000e0000000)
  object space 116224K, 75% used [0x00000000a0000000,0x00000000a5616ad8,0x00000000a7180000)
 Metaspace       used 82750K, capacity 87772K, committed 88024K, reserved 1126400K
  class space    used 10113K, capacity 11205K, committed 11264K, reserved 1048576K
}
Event: 9035.460 GC heap before
{Heap before GC invocations=42 (full 4):
 PSYoungGen      total 467968K, used 447724K [0x00000000e0000000, 0x0000000100000000, 0x0000000100000000)
  eden space 418816K, 100% used [0x00000000e0000000,0x00000000f9900000,0x00000000f9900000)
  from space 49152K, 58% used [0x00000000f9900000,0x00000000fb53b060,0x00000000fc900000)
  to   space 47616K, 0% used [0x00000000fd180000,0x00000000fd180000,0x0000000100000000)
 ParOldGen       total 116224K, used 88154K [0x00000000a0000000, 0x00000000a7180000, 0x00000000e0000000)
  object space 116224K, 75% used [0x00000000a0000000,0x00000000a5616ad8,0x00000000a7180000)
 Metaspace       used 82953K, capacity 88080K, committed 88280K, reserved 1126400K
  class space    used 10131K, capacity 11255K, committed 11264K, reserved 1048576K
Event: 9037.204 GC heap after
Heap after GC invocations=42 (full 4):
 PSYoungGen      total 425472K, used 25895K [0x00000000e0000000, 0x00000000feb00000, 0x0000000100000000)
  eden space 399360K, 0% used [0x00000000e0000000,0x00000000e0000000,0x00000000f8600000)
  from space 26112K, 99% used [0x00000000fd180000,0x00000000feac9cf0,0x00000000feb00000)
  to   space 45568K, 0% used [0x00000000f9200000,0x00000000f9200000,0x00000000fbe80000)
 ParOldGen       total 116224K, used 88378K [0x00000000a0000000, 0x00000000a7180000, 0x00000000e0000000)
  object space 116224K, 76% used [0x00000000a0000000,0x00000000a564e8a0,0x00000000a7180000)
 Metaspace       used 82953K, capacity 88080K, committed 88280K, reserved 1126400K
  class space    used 10131K, capacity 11255K, committed 11264K, reserved 1048576K
}

Deoptimization events (10 events):
Event: 5493.763 Thread 0x0000000059085000 Uncommon trap: reason=bimorphic action=maybe_recompile pc=0x0000000005e8c238 method=com.android.dx.cf.code.BytecodeArray.parseInstruction(ILcom/android/dx/cf/code/BytecodeArray$Visitor;)I @ 1035
Event: 5495.346 Thread 0x0000000059085000 Uncommon trap: reason=unstable_if action=reinterpret pc=0x0000000005fe1968 method=com.android.dx.dex.code.RopTranslator.outputBlock(Lcom/android/dx/rop/code/BasicBlock;I)V @ 132
Event: 5501.394 Thread 0x0000000059085000 Uncommon trap: reason=class_check action=maybe_recompile pc=0x00000000042b55b4 method=com.android.dx.ssa.SCCP.setLatticeValueTo(IILcom/android/dx/rop/cst/Constant;)Z @ 43
Event: 5520.600 Thread 0x000000005a3af000 Uncommon trap: reason=unstable_if action=reinterpret pc=0x0000000005276ec0 method=java.lang.StringCoding.encode(Ljava/lang/String;[CII)[B @ 51
Event: 5530.814 Thread 0x000000005a3af000 Uncommon trap: reason=unstable_if action=reinterpret pc=0x0000000006177cac method=org.gradle.internal.progress.DefaultBuildOperationExecutor.execute(Lorg/gradle/internal/operations/BuildOperation;Lorg/gradle/internal/operations/BuildOperationWorker;Lorg/g
Event: 5545.500 Thread 0x000000005a3af000 Uncommon trap: reason=array_check action=maybe_recompile pc=0x00000000041c654c method=java.util.ComparableTimSort.reverseRange([Ljava/lang/Object;II)V @ 27
Event: 5545.687 Thread 0x000000005a3af000 Uncommon trap: reason=array_check action=maybe_recompile pc=0x00000000041c654c method=java.util.ComparableTimSort.reverseRange([Ljava/lang/Object;II)V @ 27
Event: 5590.040 Thread 0x000000005a3ac000 Uncommon trap: reason=unstable_if action=reinterpret pc=0x0000000004457984 method=java.util.concurrent.locks.AbstractQueuedSynchronizer$ConditionObject.awaitNanos(J)J @ 73
Event: 6041.900 Thread 0x000000005a3b6800 Uncommon trap: reason=null_check action=make_not_entrant pc=0x00000000028a2728 method=com.sun.tools.javac.comp.Check$5.visitType(Lcom/sun/tools/javac/code/Type;Ljava/lang/Object;)Ljava/lang/Object; @ 3
Event: 6044.640 Thread 0x000000005a3b6800 Uncommon trap: reason=speculate_class_check action=maybe_recompile pc=0x00000000058cbcd4 method=com.sun.tools.javac.code.Type.hasTag(Lcom/sun/tools/javac/code/TypeTag;)Z @ 2

Classes redefined (0 events):
No events

Internal exceptions (10 events):
Event: 5844.402 Thread 0x000000005a3b6800 Exception <a 'java/lang/ClassNotFoundException': sync_local_repo664_ewexp0tztlumst56i2mezan0jBeanInfo> (0x00000000ee84f120) thrown at [D:\src\AOSP-openjdk-cygwin\jdk8u\hotspot\src\share\vm\classfile\systemDictionary.cpp, line 210]
Event: 5844.403 Thread 0x000000005a3b6800 Exception <a 'java/lang/ClassNotFoundException': sync_local_repo664_ewexp0tztlumst56i2mezan0jCustomizer> (0x00000000ee859730) thrown at [D:\src\AOSP-openjdk-cygwin\jdk8u\hotspot\src\share\vm\classfile\systemDictionary.cpp, line 210]
Event: 6041.900 Thread 0x000000005a3b6800 Implicit null exception at 0x00000000028a2612 to 0x00000000028a2719
Event: 6087.760 Thread 0x0000000059085000 Exception <a 'sun/nio/fs/WindowsException'> (0x00000000edab31d8) thrown at [D:\src\AOSP-openjdk-cygwin\jdk8u\hotspot\src\share\vm\prims\jni.cpp, line 709]
Event: 6087.784 Thread 0x0000000059087000 Exception <a 'sun/nio/fs/WindowsException'> (0x00000000edc54ee0) thrown at [D:\src\AOSP-openjdk-cygwin\jdk8u\hotspot\src\share\vm\prims\jni.cpp, line 709]
Event: 6087.907 Thread 0x0000000059085000 Exception <a 'sun/nio/fs/WindowsException'> (0x00000000ee3a62d0) thrown at [D:\src\AOSP-openjdk-cygwin\jdk8u\hotspot\src\share\vm\prims\jni.cpp, line 709]
Event: 6088.450 Thread 0x0000000059087000 Exception <a 'sun/nio/fs/WindowsException'> (0x00000000f00b5430) thrown at [D:\src\AOSP-openjdk-cygwin\jdk8u\hotspot\src\share\vm\prims\jni.cpp, line 709]
Event: 6168.180 Thread 0x000000005a3b6800 Exception <a 'sun/nio/fs/WindowsException'> (0x00000000f4594868) thrown at [D:\src\AOSP-openjdk-cygwin\jdk8u\hotspot\src\share\vm\prims\jni.cpp, line 709]
Event: 9028.001 Thread 0x000000005a3b2000 Exception <a 'java/lang/ClassNotFoundException': sync_local_repo1277_19wzwybuf762y9i8zpkotupkaBeanInfo> (0x00000000f6899c00) thrown at [D:\src\AOSP-openjdk-cygwin\jdk8u\hotspot\src\share\vm\classfile\systemDictionary.cpp, line 210]
Event: 9028.008 Thread 0x000000005a3b2000 Exception <a 'java/lang/ClassNotFoundException': sync_local_repo1277_19wzwybuf762y9i8zpkotupkaCustomizer> (0x00000000f68a4458) thrown at [D:\src\AOSP-openjdk-cygwin\jdk8u\hotspot\src\share\vm\classfile\systemDictionary.cpp, line 210]

Events (10 events):
Event: 9037.355 Executing VM operation: RevokeBias done
Event: 9037.355 Executing VM operation: RevokeBias
Event: 9037.355 Executing VM operation: RevokeBias done
Event: 9037.355 Executing VM operation: RevokeBias
Event: 9037.356 Executing VM operation: RevokeBias done
Event: 9037.356 Executing VM operation: BulkRevokeBias
Event: 9037.357 Executing VM operation: BulkRevokeBias done
Event: 9037.675 Thread 0x000000005603b800 flushing nmethod 0x0000000003c3e710
Event: 9038.003 Thread 0x000000005603b800 flushing nmethod 0x0000000003e85e10
Event: 9038.003 Thread 0x000000005603b800 flushing nmethod 0x0000000003eb7650


Dynamic libraries:
0x000000013f5f0000 - 0x000000013f621000 	C:\Program Files\Android\Android Studio\jre\bin\java.exe
0x0000000076cf0000 - 0x0000000076e99000 	C:\Windows\SYSTEM32\ntdll.dll
0x0000000076bd0000 - 0x0000000076cef000 	C:\Windows\system32\kernel32.dll
0x000007fefcf00000 - 0x000007fefcf6b000 	C:\Windows\system32\KERNELBASE.dll
0x000007fefddb0000 - 0x000007fefde8b000 	C:\Windows\system32\ADVAPI32.dll
0x000007fefd7b0000 - 0x000007fefd84f000 	C:\Windows\system32\msvcrt.dll
0x000007fefeeb0000 - 0x000007fefeecf000 	C:\Windows\SYSTEM32\sechost.dll
0x000007fefd8b0000 - 0x000007fefd9dd000 	C:\Windows\system32\RPCRT4.dll
0x0000000076ad0000 - 0x0000000076bca000 	C:\Windows\system32\USER32.dll
0x000007fefd010000 - 0x000007fefd077000 	C:\Windows\system32\GDI32.dll
0x000007fefe0f0000 - 0x000007fefe0fe000 	C:\Windows\system32\LPK.dll
0x000007fefd1a0000 - 0x000007fefd269000 	C:\Windows\system32\USP10.dll
0x000007fefb480000 - 0x000007fefb674000 	C:\Windows\WinSxS\amd64_microsoft.windows.common-controls_6595b64144ccf1df_6.0.7601.17514_none_fa396087175ac9ac\COMCTL32.dll
0x000007fefd080000 - 0x000007fefd0f1000 	C:\Windows\system32\SHLWAPI.dll
0x000007fefd570000 - 0x000007fefd59e000 	C:\Windows\system32\IMM32.DLL
0x000007fefdc40000 - 0x000007fefdd49000 	C:\Windows\system32\MSCTF.dll
0x0000000072f50000 - 0x0000000073022000 	C:\Program Files\Android\Android Studio\jre\jre\bin\msvcr100.dll
0x0000000070da0000 - 0x00000000715de000 	C:\Program Files\Android\Android Studio\jre\jre\bin\server\jvm.dll
0x000007fef39a0000 - 0x000007fef39a9000 	C:\Windows\system32\WSOCK32.dll
0x000007fefdd50000 - 0x000007fefdd9d000 	C:\Windows\system32\WS2_32.dll
0x000007fefdda0000 - 0x000007fefdda8000 	C:\Windows\system32\NSI.dll
0x000007fef8760000 - 0x000007fef879b000 	C:\Windows\system32\WINMM.dll
0x000007fefbda0000 - 0x000007fefbdac000 	C:\Windows\system32\VERSION.dll
0x0000000076ec0000 - 0x0000000076ec7000 	C:\Windows\system32\PSAPI.DLL
0x000007fef39b0000 - 0x000007fef39bf000 	C:\Program Files\Android\Android Studio\jre\jre\bin\verify.dll
0x000007fef38e0000 - 0x000007fef3909000 	C:\Program Files\Android\Android Studio\jre\jre\bin\java.dll
0x000007fef3920000 - 0x000007fef3936000 	C:\Program Files\Android\Android Studio\jre\jre\bin\zip.dll
0x000007fefe120000 - 0x000007fefeea8000 	C:\Windows\system32\SHELL32.dll
0x000007fefd5a0000 - 0x000007fefd7a3000 	C:\Windows\system32\ole32.dll
0x000007fefcc40000 - 0x000007fefcc4f000 	C:\Windows\system32\profapi.dll
0x000007fef3980000 - 0x000007fef399a000 	C:\Program Files\Android\Android Studio\jre\jre\bin\net.dll
0x000007fefc470000 - 0x000007fefc4c5000 	C:\Windows\system32\mswsock.dll
0x000007fefc460000 - 0x000007fefc467000 	C:\Windows\System32\wship6.dll
0x000007fef3820000 - 0x000007fef3831000 	C:\Program Files\Android\Android Studio\jre\jre\bin\nio.dll
0x000007fefbb30000 - 0x000007fefbb4e000 	C:\Users\PC-1\.gradle\native\25\windows-amd64\native-platform.dll
0x000007fef3910000 - 0x000007fef391d000 	C:\Program Files\Android\Android Studio\jre\jre\bin\management.dll
0x000007fefc4d0000 - 0x000007fefc4e7000 	C:\Windows\system32\CRYPTSP.dll
0x000007fefc1d0000 - 0x000007fefc217000 	C:\Windows\system32\rsaenh.dll
0x000007fefbf80000 - 0x000007fefbf9e000 	C:\Windows\system32\USERENV.dll
0x000007fefcb70000 - 0x000007fefcb7f000 	C:\Windows\system32\CRYPTBASE.dll
0x000007fefa910000 - 0x000007fefa937000 	C:\Windows\system32\IPHLPAPI.DLL
0x000007fefa900000 - 0x000007fefa90b000 	C:\Windows\system32\WINNSI.DLL
0x000007fefa800000 - 0x000007fefa818000 	C:\Windows\system32\dhcpcsvc.DLL
0x000007fefa7e0000 - 0x000007fefa7f1000 	C:\Windows\system32\dhcpcsvc6.DLL
0x000007feeab60000 - 0x000007feeab84000 	C:\Program Files\Android\Android Studio\jre\jre\bin\sunec.dll
0x000007fefbe70000 - 0x000007fefbe77000 	C:\Windows\System32\wshtcpip.dll
0x000007fefc2f0000 - 0x000007fefc34b000 	C:\Windows\system32\DNSAPI.dll
0x000007fef9070000 - 0x000007fef9078000 	C:\Windows\system32\rasadhlp.dll
0x000007fefa780000 - 0x000007fefa7d3000 	C:\Windows\System32\fwpuclnt.dll
0x000007feea8c0000 - 0x000007feea8cb000 	C:\Program Files\Android\Android Studio\jre\jre\bin\sunmscapi.dll
0x000007fefccf0000 - 0x000007fefce57000 	C:\Windows\system32\CRYPT32.dll
0x000007fefcce0000 - 0x000007fefccef000 	C:\Windows\system32\MSASN1.dll
0x000007fefcb10000 - 0x000007fefcb67000 	C:\Windows\system32\apphelp.dll
0x000007fef6920000 - 0x000007fef6a45000 	C:\Windows\system32\dbghelp.dll

VM Arguments:
jvm_args: -Xmx1536m -Dfile.encoding=windows-1252 -Duser.country=US -Duser.language=en -Duser.variant 
java_command: org.gradle.launcher.daemon.bootstrap.GradleDaemon 4.1
java_class_path (initial): C:\Users\PC-1\.gradle\wrapper\dists\gradle-4.1-all\bzyivzo6n839fup2jbap0tjew\gradle-4.1\lib\gradle-launcher-4.1.jar
Launcher Type: SUN_STANDARD

Environment Variables:
PATH=C:\Windows\system32;C:\Windows;C:\Windows\System32\Wbem;C:\Windows\System32\WindowsPowerShell\v1.0\;C:\Program Files\Git\cmd
USERNAME=PC-1
OS=Windows_NT
PROCESSOR_IDENTIFIER=Intel64 Family 6 Model 15 Stepping 11, GenuineIntel



---------------  S Y S T E M  ---------------

OS: Windows 7 , 64 bit Build 7601 (6.1.7601.17514)

CPU:total 2 (initial active 2) (2 cores per cpu, 1 threads per core) family 6 model 15 stepping 11, cmov, cx8, fxsr, mmx, sse, sse2, sse3, ssse3, tsc

Memory: 4k page, physical 3135992k(123592k free), swap 6270140k(2202104k free)

vm_info: OpenJDK 64-Bit Server VM (25.152-b01) for windows-amd64 JRE (1.8.0_152-release-915-b01), built by "builder" with MS VC++ 10.0 (VS2010)

time: Tue Dec 26 14:36:52 2017
elapsed time: 9038 seconds (0d 2h 30m 38s)

